<?xml version="1.0" encoding="UTF-8"?>
<!-- Generated by org.testng.reporters.JUnitReportReporter -->
<testsuite hostname="XIPL9822" failures="0" tests="1" name="Automation.SeleniumProject.HomePage" time="7.517" errors="0" timestamp="2021-12-21T22:54:50 IST" skipped="0">
  <testcase classname="Automation.SeleniumProject.HomePage" name="basePageNavigation" time="7.517"/>
  <system-out/>
</testsuite> <!-- Automation.SeleniumProject.HomePage -->
