<?xml version="1.0" encoding="UTF-8"?>
<!-- Generated by org.testng.reporters.JUnitReportReporter -->
<testsuite hostname="XIPL9822" failures="0" tests="1" name="Automation.SeleniumProject.HomePage" time="30.705" errors="0" timestamp="2021-12-23T13:29:51 IST" skipped="0">
  <testcase classname="Automation.SeleniumProject.HomePage" name="loginToRahulAcadamy" time="30.705"/>
  <system-out/>
</testsuite> <!-- Automation.SeleniumProject.HomePage -->
