<?xml version="1.0" encoding="UTF-8"?>
<!-- Generated by org.testng.reporters.JUnitReportReporter -->
<testsuite hostname="XIPL9822" failures="0" tests="1" name="Automation.SeleniumProject.HomePage" time="15.029" errors="0" timestamp="2021-12-22T22:33:00 IST" skipped="0">
  <testcase classname="Automation.SeleniumProject.HomePage" name="loginToQAClickAcadamy" time="15.029"/>
  <system-out/>
</testsuite> <!-- Automation.SeleniumProject.HomePage -->
