<?xml version="1.0" encoding="UTF-8"?>
<!-- Generated by org.testng.reporters.JUnitReportReporter -->
<testsuite hostname="XIPL9822" failures="0" tests="1" name="Automation.SeleniumProject.HomePage" time="13.965" errors="0" timestamp="2021-12-22T13:12:55 IST" skipped="0">
  <testcase classname="Automation.SeleniumProject.HomePage" name="loginToQAClickAcadamy" time="13.965"/>
  <system-out/>
</testsuite> <!-- Automation.SeleniumProject.HomePage -->
